<?xml version="1.0" encoding="UTF-8"?>
<testsuites name="" tests="9" failures="0" errors="0" time="1.747">
  <testsuite name="Subject: Reader class" errors="0" failures="0" skipped="0" timestamp="2024-08-27T10:54:51" time="1.226" tests="6">
    <testcase classname="Subject: Reader class Scenario 01: It throws and exception if file does not exist and falg is set to true" name="Subject: Reader class Scenario 01: It throws and exception if file does not exist and falg is set to true" time="0.013">
    </testcase>
    <testcase classname="Subject: Reader class Scenario 02: It returns empty object if file does not exist and falg is set to false" name="Subject: Reader class Scenario 02: It returns empty object if file does not exist and falg is set to false" time="0.001">
    </testcase>
    <testcase classname="Subject: Reader class Scenario 03: Is should read a single file successfully" name="Subject: Reader class Scenario 03: Is should read a single file successfully" time="0.008">
    </testcase>
    <testcase classname="Subject: Reader class Scenario 04: If I pass multiple files content from the last overides the first" name="Subject: Reader class Scenario 04: If I pass multiple files content from the last overides the first" time="0.003">
    </testcase>
    <testcase classname="Subject: Reader class Scenario 05: Environment variables are replaced on the file content" name="Subject: Reader class Scenario 05: Environment variables are replaced on the file content" time="0.001">
    </testcase>
    <testcase classname="Subject: Reader class Scenario 06: If I disable environment variables replacement they are not replaced on the the file content" name="Subject: Reader class Scenario 06: If I disable environment variables replacement they are not replaced on the the file content" time="0.001">
    </testcase>
  </testsuite>
  <testsuite name="Subject: Validator class" errors="0" failures="0" skipped="0" timestamp="2024-08-27T10:54:51" time="1.236" tests="1">
    <testcase classname="Subject: Validator class Scenario 01: If the yaml content is valid, validation returns true and no errors" name="Subject: Validator class Scenario 01: If the yaml content is valid, validation returns true and no errors" time="0.036">
    </testcase>
  </testsuite>
  <testsuite name="Subject: SchemaReader class" errors="0" failures="0" skipped="0" timestamp="2024-08-27T10:54:51" time="1.529" tests="2">
    <testcase classname="Subject: SchemaReader class Scenario 01: It throws reading an invalid schema" name="Subject: SchemaReader class Scenario 01: It throws reading an invalid schema" time="0.035">
    </testcase>
    <testcase classname="Subject: SchemaReader class Scenario 02: Is should read a single json schema successfully" name="Subject: SchemaReader class Scenario 02: Is should read a single json schema successfully" time="0.016">
    </testcase>
    <system-out><![CDATA[[
  {
    "message": "\u001b[1m\u001b[31m[YAML-JS/Reader.SchemaReader]\u001b[0m Invalid schema: ./tests/resources/schema-invalid.yaml [ [ 'must be object' ] ]",
    "origin": "    at log (/Users/pedro.gomes/work/repositories-personal/yaml-js/reader/src/logger.ts:44:15)\n    at writer (/Users/pedro.gomes/work/repositories-personal/yaml-js/reader/src/logger.ts:59:7)\n    at Object.log [as error] (/Users/pedro.gomes/work/repositories-personal/yaml-js/reader/src/logger.ts:68:62)\n    at SchemaReader.error [as parseSchema] (/Users/pedro.gomes/work/repositories-personal/yaml-js/reader/src/schemaReader.ts:23:19)\n    at SchemaReader.parseSchema [as readSync] (/Users/pedro.gomes/work/repositories-personal/yaml-js/reader/src/schemaReader.ts:61:19)\n    at readSync (/Users/pedro.gomes/work/repositories-personal/yaml-js/reader/src/schemaReader.ts:78:24)\n    at /Users/pedro.gomes/work/repositories-personal/yaml-js/reader/tests/schemaReader.test.ts:7:32\n    at Object.<anonymous> (/Users/pedro.gomes/work/repositories-personal/yaml-js/reader/node_modules/expect/build/toThrowMatchers.js:74:11)\n    at Object.throwingMatcher [as toThrow] (/Users/pedro.gomes/work/repositories-personal/yaml-js/reader/node_modules/expect/build/index.js:320:21)\n    at Object.<anonymous> (/Users/pedro.gomes/work/repositories-personal/yaml-js/reader/tests/schemaReader.test.ts:7:40)\n    at Promise.then.completed (/Users/pedro.gomes/work/repositories-personal/yaml-js/reader/node_modules/jest-circus/build/utils.js:298:28)\n    at new Promise (<anonymous>)\n    at callAsyncCircusFn (/Users/pedro.gomes/work/repositories-personal/yaml-js/reader/node_modules/jest-circus/build/utils.js:231:10)\n    at _callCircusTest (/Users/pedro.gomes/work/repositories-personal/yaml-js/reader/node_modules/jest-circus/build/run.js:316:40)\n    at processTicksAndRejections (node:internal/process/task_queues:95:5)\n    at _runTest (/Users/pedro.gomes/work/repositories-personal/yaml-js/reader/node_modules/jest-circus/build/run.js:252:3)\n    at _runTestsForDescribeBlock (/Users/pedro.gomes/work/repositories-personal/yaml-js/reader/node_modules/jest-circus/build/run.js:126:9)\n    at _runTestsForDescribeBlock (/Users/pedro.gomes/work/repositories-personal/yaml-js/reader/node_modules/jest-circus/build/run.js:121:9)\n    at run (/Users/pedro.gomes/work/repositories-personal/yaml-js/reader/node_modules/jest-circus/build/run.js:71:3)\n    at runAndTransformResultsToJestFormat (/Users/pedro.gomes/work/repositories-personal/yaml-js/reader/node_modules/jest-circus/build/legacy-code-todo-rewrite/jestAdapterInit.js:122:21)\n    at jestAdapter (/Users/pedro.gomes/work/repositories-personal/yaml-js/reader/node_modules/jest-circus/build/legacy-code-todo-rewrite/jestAdapter.js:79:19)\n    at runTestInternal (/Users/pedro.gomes/work/repositories-personal/yaml-js/reader/node_modules/jest-runner/build/runTest.js:367:16)\n    at runTest (/Users/pedro.gomes/work/repositories-personal/yaml-js/reader/node_modules/jest-runner/build/runTest.js:444:34)\n    at Object.worker (/Users/pedro.gomes/work/repositories-personal/yaml-js/reader/node_modules/jest-runner/build/testWorker.js:106:12)",
    "type": "log"
  }
]]]></system-out>
  </testsuite>
</testsuites>