<?xml version="1.0" encoding="UTF-8"?>
<testsuites name="" tests="7" failures="0" errors="0" time="0.908">
  <testsuite name="Subject: Reader class" errors="0" failures="0" skipped="0" timestamp="2024-08-26T17:02:41" time="0.797" tests="6">
    <testcase classname="Subject: Reader class Scenario 01: It throws and exception if file does not exist and falg is set to true" name="Subject: Reader class Scenario 01: It throws and exception if file does not exist and falg is set to true" time="0.011">
    </testcase>
    <testcase classname="Subject: Reader class Scenario 02: It returns empty object if file does not exist and falg is set to false" name="Subject: Reader class Scenario 02: It returns empty object if file does not exist and falg is set to false" time="0.001">
    </testcase>
    <testcase classname="Subject: Reader class Scenario 03: Is should read a single file successfully" name="Subject: Reader class Scenario 03: Is should read a single file successfully" time="0.008">
    </testcase>
    <testcase classname="Subject: Reader class Scenario 04: If I pass multiple files content from the last overides the first" name="Subject: Reader class Scenario 04: If I pass multiple files content from the last overides the first" time="0.003">
    </testcase>
    <testcase classname="Subject: Reader class Scenario 05: Environment variables are replaced on the file content" name="Subject: Reader class Scenario 05: Environment variables are replaced on the file content" time="0.002">
    </testcase>
    <testcase classname="Subject: Reader class Scenario 06: If I disable environment variables replacement they are not replaced on the the file content" name="Subject: Reader class Scenario 06: If I disable environment variables replacement they are not replaced on the the file content" time="0.001">
    </testcase>
  </testsuite>
  <testsuite name="Subject: SchemaReader class" errors="0" failures="0" skipped="0" timestamp="2024-08-26T17:02:42" time="0.03" tests="1">
    <testcase classname="Subject: SchemaReader class Scenario 01: Is should read a single json schema successfully" name="Subject: SchemaReader class Scenario 01: Is should read a single json schema successfully" time="0.006">
    </testcase>
  </testsuite>
</testsuites>